<?xml version="1.0" encoding="UTF-8"?>
<testsuite name="接口自动化"
           tests="2"
           failures="1"
           errors="0"
           skipped="0"
           time="2.434">
  <properties />
            <testcase name="httpReq" time="0.176" classname="com.youceedu.interf.test.TestRun">
                <failure type="com.alibaba.fastjson.JSONException"
                  message="syntax error, pos 1, line 1, column 2您的服务器返回码为404请检查您的地址"
              >
<![CDATA[com.alibaba.fastjson.JSONException: syntax error, pos 1, line 1, column 2您的服务器返回码为404请检查您的地址
  com.alibaba.fastjson.parser.DefaultJSONParser.parse(DefaultJSONParser.java:1497)
  com.alibaba.fastjson.parser.DefaultJSONParser.parse(DefaultJSONParser.java:1383)
  com.alibaba.fastjson.JSON.parse(JSON.java:182)
  com.alibaba.fastjson.JSON.parse(JSON.java:192)
  com.alibaba.fastjson.JSON.parse(JSON.java:148)
  com.alibaba.fastjson.JSONPath.read(JSONPath.java:688)
  com.youceedu.interf.util.PatternUtil.conpareResultTodb(PatternUtil.java:79)
  com.youceedu.interf.test.TestRun.httpReq(TestRun.java:83)
  sun.reflect.NativeMethodAccessorImpl.invoke0(Native Method)
  sun.reflect.NativeMethodAccessorImpl.invoke(Unknown Source)
  sun.reflect.DelegatingMethodAccessorImpl.invoke(Unknown Source)
  java.lang.reflect.Method.invoke(Unknown Source)
  org.testng.internal.MethodInvocationHelper.invokeMethod(MethodInvocationHelper.java:84)
  org.testng.internal.Invoker.invokeMethod(Invoker.java:714)
  org.testng.internal.Invoker.invokeTestMethod(Invoker.java:901)
  org.testng.internal.Invoker.invokeTestMethods(Invoker.java:1231)
  org.testng.internal.TestMethodWorker.invokeTestMethods(TestMethodWorker.java:127)
  org.testng.internal.TestMethodWorker.run(TestMethodWorker.java:111)
  org.testng.TestRunner.privateRun(TestRunner.java:767)
  org.testng.TestRunner.run(TestRunner.java:617)
  org.testng.SuiteRunner.runTest(SuiteRunner.java:335)
  org.testng.SuiteRunner.runSequentially(SuiteRunner.java:330)
  org.testng.SuiteRunner.privateRun(SuiteRunner.java:291)
  org.testng.SuiteRunner.run(SuiteRunner.java:240)
  org.testng.SuiteRunnerWorker.runSuite(SuiteRunnerWorker.java:52)
  org.testng.SuiteRunnerWorker.run(SuiteRunnerWorker.java:86)
  org.testng.TestNG.runSuitesSequentially(TestNG.java:1224)
  org.testng.TestNG.runSuitesLocally(TestNG.java:1149)
  org.testng.TestNG.run(TestNG.java:1057)
  org.testng.remote.RemoteTestNG.run(RemoteTestNG.java:111)
  org.testng.remote.RemoteTestNG.initAndRun(RemoteTestNG.java:204)
  org.testng.remote.RemoteTestNG.main(RemoteTestNG.java:175)
]]>
      </failure>

          </testcase>
  
  
            <testcase name="httpReq" time="2.258" classname="com.youceedu.interf.test.TestRun" />
      
</testsuite>
